<?xml version="1.0" encoding="UTF-8"?>
<testng-results ignored="0" total="1" passed="1" failed="0" skipped="0">
  <reporter-output>
  </reporter-output>
  <suite started-at="2026-02-04T08:48:03 IST" name="Default suite" finished-at="2026-02-04T08:48:05 IST" duration-ms="2354">
    <groups>
    </groups>
    <test started-at="2026-02-04T08:48:03 IST" name="Default test" finished-at="2026-02-04T08:48:05 IST" duration-ms="2354">
      <class name="testscripts.LoginTest">
        <test-method is-config="true" signature="initialiseBrowser()[pri:0, instance:testscripts.LoginTest@1cf6d1be]" started-at="2026-02-04T08:48:03 IST" name="initialiseBrowser" finished-at="2026-02-04T08:48:04 IST" duration-ms="1338" status="PASS">
          <reporter-output>
          </reporter-output>
        </test-method> <!-- initialiseBrowser -->
        <test-method signature="verifyUserLoginWithValidCredentials()[pri:0, instance:testscripts.LoginTest@1cf6d1be]" started-at="2026-02-04T08:48:04 IST" name="verifyUserLoginWithValidCredentials" finished-at="2026-02-04T08:48:05 IST" duration-ms="967" status="PASS">
          <reporter-output>
          </reporter-output>
        </test-method> <!-- verifyUserLoginWithValidCredentials -->
        <test-method is-config="true" signature="browserCloseAndQuit()[pri:0, instance:testscripts.LoginTest@1cf6d1be]" started-at="2026-02-04T08:48:05 IST" name="browserCloseAndQuit" finished-at="2026-02-04T08:48:05 IST" duration-ms="1" status="PASS">
          <reporter-output>
          </reporter-output>
        </test-method> <!-- browserCloseAndQuit -->
      </class> <!-- testscripts.LoginTest -->
    </test> <!-- Default test -->
  </suite> <!-- Default suite -->
</testng-results>
